<?xml version="1.0" encoding="UTF-8"?><testsuite errors="1" failures="0" name="Automation demosite" skipped="0" tests="1" time="36.17" timestamp="2020-03-30 02:56:36"><testcase name="Acceder a la Web Automation demo"><error message="Arity mismatch: Step Definition 'pa.com.choucair.certification.proyectobase.stepdefinitions.AutomationDemoSiteStepDefinitions.elVerificaQueSeCargaLaPantallaConTextoDoubleClickOnEditIconToEDITTheTableRow(String) in file:/C:/Users/LATITUDE-E7450/IdeaProjects/pa.com.choucair.certification.automationdemosite/build/classes/java/test/' with pattern [^el verifica que se carga la pantalla con texto Double Click on Edit Icon to EDIT the Table Row$] is declared with 1 parameters. However, the gherkin step has 0 arguments []. &#10;Step text: el verifica que se carga la pantalla con texto Double Click on Edit Icon to EDIT the Table Row" type="cucumber.runtime.CucumberException">Arity mismatch: Step Definition 'pa.com.choucair.certification.proyectobase.stepdefinitions.AutomationDemoSiteStepDefinitions.elVerificaQueSeCargaLaPantallaConTextoDoubleClickOnEditIconToEDITTheTableRow(String) in file:/C:/Users/LATITUDE-E7450/IdeaProjects/pa.com.choucair.certification.automationdemosite/build/classes/java/test/' with pattern [^el verifica que se carga la pantalla con texto Double Click on Edit Icon to EDIT the Table Row$] is declared with 1 parameters. However, the gherkin step has 0 arguments []. 
Step text: el verifica que se carga la pantalla con texto Double Click on Edit Icon to EDIT the Table Row</error><system-err>Arity mismatch: Step Definition 'pa.com.choucair.certification.proyectobase.stepdefinitions.AutomationDemoSiteStepDefinitions.elVerificaQueSeCargaLaPantallaConTextoDoubleClickOnEditIconToEDITTheTableRow(String) in file:/C:/Users/LATITUDE-E7450/IdeaProjects/pa.com.choucair.certification.automationdemosite/build/classes/java/test/' with pattern [^el verifica que se carga la pantalla con texto Double Click on Edit Icon to EDIT the Table Row$] is declared with 1 parameters. However, the gherkin step has 0 arguments []. 
Step text: el verifica que se carga la pantalla con texto Double Click on Edit Icon to EDIT the Table Row&#13;
cucumber.runner.Runner.runPickle(Runner.java:80)&#13;
</system-err></testcase></testsuite>