<?xml version="1.0" encoding="UTF-8"?><testsuite errors="1" failures="0" name="Automation demosite" skipped="0" tests="1" time="61.96" timestamp="2020-04-01 03:04:30"><testcase name="Acceder a la Web Automation demo"><error message="no such element: Unable to locate element: {&quot;method&quot;:&quot;xpath&quot;,&quot;selector&quot;:&quot;/html/body/section/div[1]/div/div[2]/h4[1]&quot;}&#10;  (Session info: chrome=80.0.3987.162)&#10;For documentation on this error, please visit: https://www.seleniumhq.org/exceptions/no_such_element.html&#10;Build info: version: '3.141.59', revision: 'e82be7d358', time: '2018-11-14T08:17:03'&#10;System info: host: 'DESKTOP-OQALJ8C', ip: '192.168.1.36', os.name: 'Windows 10', os.arch: 'amd64', os.version: '10.0', java.version: '1.8.0_131'&#10;Driver info: org.openqa.selenium.chrome.ChromeDriver&#10;Capabilities {acceptInsecureCerts: false, browserName: chrome, browserVersion: 80.0.3987.162, chrome: {chromedriverVersion: 80.0.3987.106 (f68069574609..., userDataDir: C:\Users\LATITU~1\AppData\L...}, goog:chromeOptions: {debuggerAddress: localhost:59692}, javascriptEnabled: true, networkConnectionEnabled: false, pageLoadStrategy: normal, platform: WINDOWS, platformName: WINDOWS, proxy: Proxy(), setWindowRect: true, strictFileInteractability: false, timeouts: {implicit: 0, pageLoad: 300000, script: 30000}, unhandledPromptBehavior: dismiss and notify}&#10;Session ID: 16e82b58115ed9b8ef7a9afa5e8b7ad9&#10;*** Element info: {Using=xpath, value=/html/body/section/div[1]/div/div[2]/h4[1]}" type="java.lang.AssertionError">no such element: Unable to locate element: {"method":"xpath","selector":"/html/body/section/div[1]/div/div[2]/h4[1]"}
  (Session info: chrome=80.0.3987.162)
For documentation on this error, please visit: https://www.seleniumhq.org/exceptions/no_such_element.html
Build info: version: '3.141.59', revision: 'e82be7d358', time: '2018-11-14T08:17:03'
System info: host: 'DESKTOP-OQALJ8C', ip: '192.168.1.36', os.name: 'Windows 10', os.arch: 'amd64', os.version: '10.0', java.version: '1.8.0_131'
Driver info: org.openqa.selenium.chrome.ChromeDriver
Capabilities {acceptInsecureCerts: false, browserName: chrome, browserVersion: 80.0.3987.162, chrome: {chromedriverVersion: 80.0.3987.106 (f68069574609..., userDataDir: C:\Users\LATITU~1\AppData\L...}, goog:chromeOptions: {debuggerAddress: localhost:59692}, javascriptEnabled: true, networkConnectionEnabled: false, pageLoadStrategy: normal, platform: WINDOWS, platformName: WINDOWS, proxy: Proxy(), setWindowRect: true, strictFileInteractability: false, timeouts: {implicit: 0, pageLoad: 300000, script: 30000}, unhandledPromptBehavior: dismiss and notify}
Session ID: 16e82b58115ed9b8ef7a9afa5e8b7ad9
*** Element info: {Using=xpath, value=/html/body/section/div[1]/div/div[2]/h4[1]}</error><system-err>no such element: Unable to locate element: {"method":"xpath","selector":"/html/body/section/div[1]/div/div[2]/h4[1]"}
  (Session info: chrome=80.0.3987.162)
For documentation on this error, please visit: https://www.seleniumhq.org/exceptions/no_such_element.html
Build info: version: '3.141.59', revision: 'e82be7d358', time: '2018-11-14T08:17:03'
System info: host: 'DESKTOP-OQALJ8C', ip: '192.168.1.36', os.name: 'Windows 10', os.arch: 'amd64', os.version: '10.0', java.version: '1.8.0_131'
Driver info: org.openqa.selenium.chrome.ChromeDriver
Capabilities {acceptInsecureCerts: false, browserName: chrome, browserVersion: 80.0.3987.162, chrome: {chromedriverVersion: 80.0.3987.106 (f68069574609..., userDataDir: C:\Users\LATITU~1\AppData\L...}, goog:chromeOptions: {debuggerAddress: localhost:59692}, javascriptEnabled: true, networkConnectionEnabled: false, pageLoadStrategy: normal, platform: WINDOWS, platformName: WINDOWS, proxy: Proxy(), setWindowRect: true, strictFileInteractability: false, timeouts: {implicit: 0, pageLoad: 300000, script: 30000}, unhandledPromptBehavior: dismiss and notify}
Session ID: 16e82b58115ed9b8ef7a9afa5e8b7ad9
*** Element info: {Using=xpath, value=/html/body/section/div[1]/div/div[2]/h4[1]}&#13;
pa.com.choucair.certification.proyectobase.stepdefinitions.AutomationDemoSiteStepDefinitions.elVerificaQueSeCargaLaPantallaConTexto(AutomationDemoSiteStepDefinitions.java:45)&#13;
✽.el verifica que se carga la pantalla con texto "Double Click on Edit Icon to EDIT the Table Row"(src/test/resources/features/automation_demosite.feature:15)&#13;
</system-err></testcase></testsuite>